<?xml version="1.0" encoding="UTF-8" ?>
<testsuite tests="1" failures="0" name="stepdef.TestRunner" time="0.201" errors="0" skipped="1">
  <properties>
[...]
</properties>
  <testcase classname="Login Feature Scenario" name="This sceanrio is to define the failure path" time="0.201">
    <skipped/>
    <system-out>
@sanity
Scenario: This sceanrio is to define the failure path                                                             # src/test/java/features/login.feature:8
  Given I have launched the application                                                                           # null
  When I enter the incorrect Username as &quot;abc@xyz.com&quot; and Passowrd as &quot;Test@1234&quot;                                # null
  And I click on the Login Link                                                                                   # null
  Then I should get the error message &quot;Epic sadface: Username and password do not match any user in this service&quot; # null
</system-out>
    <system-err>Oct 15, 2022 8:12:09 PM io.cucumber.junit.Cucumber &lt;init&gt;
WARNING: By default Cucumber is running in --non-strict mode.
This default will change to --strict and --non-strict will be removed.
You can use --strict or @CucumberOptions(strict = true) to suppress this warning
</system-err>
  </testcase>
</testsuite>